
 ================================================================================================================================
   Kinetic data summary @  298.15K
 ================================================================================================================================
        Reaction                                                                        DG            DH            DS               
                                                                                        [kcal/mol]    [kcal/mol]    [cal/mol/K]      
 ================================================================================================================================
 1      CELL=>CELLA                                                                     -5.371        -5.371        0.000         
 2      CELLA=>0.03CH4+0.14CH3OH+0.02CHOCHO+0.026CH2OHCH2CHO+0.0023H2+1.8547H2O+0.08    ...56.638        19.261        -125.362      
 3      CELLA=>0.8C6H10O5+0.2LVGS                                                       77.531        22.895        -183.251      
 4      CELL=>0.125H2+4.45H2O+5.45CHAR+0.12COH2S+0.25COS+0.18CH2OS+0.125H2S             -29.351       -57.294       -93.719       
 5      GMSW=>0.7HCE1+0.3HCE2                                                           0.717         0.717         -0.000        
 6      XYHW=>0.35HCE1+0.65HCE2                                                         0.718         0.718         0.000         
 7      XYGR=>0.12HCE1+0.88HCE2                                                         0.718         0.718         0.000         
 8      HCE1=>0.1CH4+0.1CHOCHO+0.06CH2OHCH2CHO+0.25C5H8O4+0.02H2+0.54H2O+0.09CO2+0.1    ...71.904        26.094        -153.649      
 9      HCE1=>0.3CH4+0.1H2+0.4H2O+0.49CO+0.39CO2+0.4CH2O+0.1C2H4+0.05HCOOH+0.975CHAR    ...6.720         -6.271        -43.572       
 10     HCE2=>0CH4+0.0661C2H5OH+0.315CH3CO2H+0H2+0.1665H2O+0.0035CO+0.2898CO2+0.0178    ...17.061        -4.053        -70.816       
 11     LIGH=>0.1C2H6+0.5C2H5CHO+0.1CO+0.4C2H4+0.2CH2OHCHO+LIGOH                        44.121        31.507        -42.308       
 12     LIGO=>CO2+LIGOH                                                                 43.002        30.498        -41.936       
 13     LIGC=>0.1VANILLIN+0.1C6H5OCH3+H2O+0.21CO+0.1CO2+0.22CH2O+0.27C2H4+0.35LIGCC+    ...47.331        -5.393        -176.837      
 14     LIGCC=>0.45CH4+0.4C2H6+0.15CRESOL+0.25VANILLIN+0.15C6H5OCH3+0.7H2+0.7H2O+1.1    ...39.830        -38.941       -264.197      
 15     LIGOH=>0.1CH4+0.6CH3OH+0.025C24H28O4+H2O+0.65CO+0.05CO2+0.05HCOOH+0.1C2H3CHO    ...15.803        -22.930       -129.911      
 16     LIG=>VANILLIN+0.1C6H5OCH3+0.6CO+0.5C2H4+0.3CH3CHO+0.1CHAR                       123.079       51.029        -241.659      
 17     LIG=>0.2CH4+0.6H2O+0.3CO+0.1CO2+0.4CH2O+6.1CHAR+0.65COH2S+0.2COS+0.4CH3OHS+0    ...6.368         -38.258       -149.676      
 18     LIG=>0.6CH4+0.4CH3OH+0.5C2H6+0.6H2O+2.6CO+0.4CH2O+0.75C2H4+4.5CHAR              59.799        16.658        -144.697      
 19     TGL=>0.5U2ME12+C2H3CHO+2.5MLINO                                                 369.377       13.384        -1194.006     
 20     TANN=>0.85C6H5OH+H2O+ITANN+COS+0.15C6H5OHS                                      -157.140      -98.044       198.211       
 21     ITANN=>H2O+2CO+5CHAR+0.45COH2S+0.55CH2OS                                        236.575       108.084       -430.961      
 22     CO2S=>CO2                                                                       -7.236        -19.739       -41.936       
 23     COS=>CO                                                                         -6.065        -9.634        -11.970       
 24     CH3OHS=>CH3OH                                                                   3.385         0.338         -10.218       
 25     CH2OS=>0.2H2+0.8H2O+0.2CO+0.8CHAR                                               -3.286        -6.332        -10.218       
 26     C2H6S=>C2H6                                                                     0.980         -1.639        -8.783        
 27     CH4S=>CH4                                                                       -4.790        -1.621        10.627        
 28     C2H4S=>C2H4                                                                     1.280         -0.774        -6.887        
 29     C6H5OHS=>C6H5OH                                                                 39.742        2.891         -123.600      
 30     COH2S=>0.8H2+0.2H2O+0.4CO+0.2CHAR+0.4COSTIFFS                                   49.419        53.438        13.482        
 31     COSTIFFS=>0.8CO+0.2CHARO                                                        0.102         -6.030        -20.569       
 32     H2S=>H2                                                                         -9.834        -1.793        26.969        
 33     LVGS=>C6H10O5                                                                   97.943        29.648        -229.063      
 34     LVGS=>C6H10O5                                                                   97.943        29.648        -229.063      
 35     MOIST=>H2O                                                                      2.043         10.514        28.413        
 36     H2O=>MOIST                                                                      -2.043        -10.514       -28.413       
 37     BMOIST=>H2O                                                                     6.017         14.488        28.413        
 38     H2O+CHAR=>H2+CO                                                                 22.437        31.835        31.520        
 39     O2+CHAR=>CO2                                                                    -93.652       -93.579       0.243         
 40     0.5O2+CHAR=>CO                                                                  -32.191       -25.959       20.904        
 41     CO2+CHAR=>2CO                                                                   29.269        41.661        41.564        
 42     CO2+COH2S=>H2O+CO2+CHAR                                                         28.535        23.609        -16.522       
 43     O2+COH2S=>H2O+CO2                                                               -65.117       -69.970       -16.278       
 44     O2+CH2OS=>H2O+CO2                                                               -101.425      -106.278      -16.278       
 45     O2+CH4S=>2H2O+CHAR                                                              -102.558      -99.834       9.136         
 ================================================================================================================================


================================================================================================================================
 KINETIC DATA - REACTION  1 Simple
  CELL  => CELLA 
================================================================================================================================
 Change in moles in the reaction = 0.000
 Reaction order (forward, gas)   = 0.000
 Reaction order (forward, solid)  = 1.000
 -------------------------------------------------------------------------------------------------------------------------------
    Temperature   kF            Keq           kR            DG            DH            DS            kF            kR
    [K]           [kmol,m3,s]   [-]           [kmol,m3,s]   [kcal/mol]    [kcal/mol]    [cal/mol/K]   [mol,cm3,s]   [mol,cm3,s]
 -------------------------------------------------------------------------------------------------------------------------------
    300           1.148e-19     0             0             -5.371        -5.371        0.000         1.1479e-19    0             
    600           2.835e-03     0             0             -5.371        -5.371        0.000         2.8347e-03    0             
    900           8.255e+02     0             0             -5.371        -5.371        0.000         8.2547e+02    0             
    1200          4.455e+05     0             0             -5.371        -5.371        0.000         4.4545e+05    0             
    1500          1.941e+07     0             0             -5.371        -5.371        0.000         1.9412e+07    0             
 -------------------------------------------------------------------------------------------------------------------------------

================================================================================================================================
 KINETIC DATA - REACTION  2 Simple
  CELLA  => 0.03CH4 + 0.14CH3OH + 0.02CHOCHO + 0.026CH2OHCH2CHO + 0.0023H2 + 1.8547H2O + 0.08CO + 0.29CO2 + 0.2637CH2O + 0.0431CH3CHO + 0.02HCOOH + 0.3251CH2OHCHO + 0.287FURFURAL + 0.08C6H6O3 + 0.1323CH3COCH3 + 0.2FURAN + 1.1CHAR + 0.06COS + 0.05CH2OS + 0.024H2S 
================================================================================================================================
 Change in moles in the reaction = 4
 Reaction order (forward, gas)   = 0.000
 Reaction order (forward, solid)  = 1.000
 -------------------------------------------------------------------------------------------------------------------------------
    Temperature   kF            Keq           kR            DG            DH            DS            kF            kR
    [K]           [kmol,m3,s]   [-]           [kmol,m3,s]   [kcal/mol]    [kcal/mol]    [cal/mol/K]   [mol,cm3,s]   [mol,cm3,s]
 -------------------------------------------------------------------------------------------------------------------------------
    300           4.026e-09     0             0             56.870        19.220        -125.498      4.0262e-09    0             
    600           7.771e-02     0             0             96.686        14.207        -137.464      7.7713e-02    0             
    900           2.085e+01     0             0             138.637       11.102        -141.706      2.0846e+01    0             
    1200          3.414e+02     0             0             181.646       8.420         -144.355      3.4142e+02    0             
    1500          1.827e+03     0             0             225.318       5.106         -146.807      1.8275e+03    0             
 -------------------------------------------------------------------------------------------------------------------------------

================================================================================================================================
 KINETIC DATA - REACTION  3 Simple
  CELLA  => 0.8C6H10O5 + 0.2LVGS 
================================================================================================================================
 Change in moles in the reaction = 0
 Reaction order (forward, gas)   = 0.000
 Reaction order (forward, solid)  = 1.000
 -------------------------------------------------------------------------------------------------------------------------------
    Temperature   kF            Keq           kR            DG            DH            DS            kF            kR
    [K]           [kmol,m3,s]   [-]           [kmol,m3,s]   [kcal/mol]    [kcal/mol]    [cal/mol/K]   [mol,cm3,s]   [mol,cm3,s]
 -------------------------------------------------------------------------------------------------------------------------------
    300           1.364e-06     0             0             77.870        22.853        -183.392      1.3641e-06    0             
    600           2.612e-01     0             0             134.874       18.652        -193.703      2.6116e-01    0             
    900           1.505e+01     0             0             193.381       17.011        -195.967      1.5052e+01    0             
    1200          1.143e+02     0             0             252.389       15.385        -197.503      1.1427e+02    0             
    1500          3.856e+02     0             0             311.904       12.821        -199.389      3.8561e+02    0             
 -------------------------------------------------------------------------------------------------------------------------------

================================================================================================================================
 KINETIC DATA - REACTION  4 Simple
  CELL  => 0.125H2 + 4.45H2O + 5.45CHAR + 0.12COH2S + 0.25COS + 0.18CH2OS + 0.125H2S 
================================================================================================================================
 Change in moles in the reaction = 10
 Reaction order (forward, gas)   = 0.000
 Reaction order (forward, solid)  = 1.000
 -------------------------------------------------------------------------------------------------------------------------------
    Temperature   kF            Keq           kR            DG            DH            DS            kF            kR
    [K]           [kmol,m3,s]   [-]           [kmol,m3,s]   [kcal/mol]    [kcal/mol]    [cal/mol/K]   [mol,cm3,s]   [mol,cm3,s]
 -------------------------------------------------------------------------------------------------------------------------------
    300           2.078e-15     0             0             -29.178       -57.314       -93.787       2.0784e-15    0             
    600           4.078e-04     0             0             -0.042        -59.367       -98.875       4.0777e-04    0             
    900           2.369e+00     0             0             29.578        -58.620       -97.998       2.3694e+00    0             
    1200          1.806e+02     0             0             58.502        -54.919       -94.518       1.8061e+02    0             
    1500          2.432e+03     0             0             86.153        -48.332       -89.657       2.4323e+03    0             
 -------------------------------------------------------------------------------------------------------------------------------

================================================================================================================================
 KINETIC DATA - REACTION  5 Simple
  GMSW  => 0.7HCE1 + 0.3HCE2 
================================================================================================================================
 Change in moles in the reaction = 0
 Reaction order (forward, gas)   = 0.000
 Reaction order (forward, solid)  = 1.000
 -------------------------------------------------------------------------------------------------------------------------------
    Temperature   kF            Keq           kR            DG            DH            DS            kF            kR
    [K]           [kmol,m3,s]   [-]           [kmol,m3,s]   [kcal/mol]    [kcal/mol]    [cal/mol/K]   [mol,cm3,s]   [mol,cm3,s]
 -------------------------------------------------------------------------------------------------------------------------------
    300           2.598e-13     0             0             0.717         0.717         -0.000        2.5980e-13    0             
    600           5.097e-02     0             0             0.717         0.717         -0.000        5.0971e-02    0             
    900           2.962e+02     0             0             0.717         0.717         -0.000        2.9618e+02    0             
    1200          2.258e+04     0             0             0.717         0.717         -0.000        2.2577e+04    0             
    1500          3.040e+05     0             0             0.717         0.717         -0.000        3.0404e+05    0             
 -------------------------------------------------------------------------------------------------------------------------------

================================================================================================================================
 KINETIC DATA - REACTION  6 Simple
  XYHW  => 0.35HCE1 + 0.65HCE2 
================================================================================================================================
 Change in moles in the reaction = 0
 Reaction order (forward, gas)   = 0.000
 Reaction order (forward, solid)  = 1.000
 -------------------------------------------------------------------------------------------------------------------------------
    Temperature   kF            Keq           kR            DG            DH            DS            kF            kR
    [K]           [kmol,m3,s]   [-]           [kmol,m3,s]   [kcal/mol]    [kcal/mol]    [cal/mol/K]   [mol,cm3,s]   [mol,cm3,s]
 -------------------------------------------------------------------------------------------------------------------------------
    300           1.660e-12     0             0             0.718         0.718         -0.000        1.6601e-12    0             
    600           4.555e-01     0             0             0.718         0.718         0.000         4.5553e-01    0             
    900           2.960e+03     0             0             0.718         0.718         0.000         2.9602e+03    0             
    1200          2.386e+05     0             0             0.718         0.718         0.000         2.3862e+05    0             
    1500          3.323e+06     0             0             0.718         0.718         -0.000        3.3232e+06    0             
 -------------------------------------------------------------------------------------------------------------------------------

================================================================================================================================
 KINETIC DATA - REACTION  7 Simple
  XYGR  => 0.12HCE1 + 0.88HCE2 
================================================================================================================================
 Change in moles in the reaction = 0
 Reaction order (forward, gas)   = 0.000
 Reaction order (forward, solid)  = 1.000
 -------------------------------------------------------------------------------------------------------------------------------
    Temperature   kF            Keq           kR            DG            DH            DS            kF            kR
    [K]           [kmol,m3,s]   [-]           [kmol,m3,s]   [kcal/mol]    [kcal/mol]    [cal/mol/K]   [mol,cm3,s]   [mol,cm3,s]
 -------------------------------------------------------------------------------------------------------------------------------
    300           1.738e-11     0             0             0.718         0.718         0.000         1.7383e-11    0             
    600           1.474e+00     0             0             0.718         0.718         0.000         1.4741e+00    0             
    900           6.476e+03     0             0             0.718         0.718         0.000         6.4761e+03    0             
    1200          4.293e+05     0             0             0.718         0.718         0.000         4.2925e+05    0             
    1500          5.316e+06     0             0             0.718         0.718         0.000         5.3156e+06    0             
 -------------------------------------------------------------------------------------------------------------------------------

================================================================================================================================
 KINETIC DATA - REACTION  8 Simple
  HCE1  => 0.1CH4 + 0.1CHOCHO + 0.06CH2OHCH2CHO + 0.25C5H8O4 + 0.02H2 + 0.54H2O + 0.09CO2 + 0.16FURFURAL + 0.25C6H10O5 + 0.13C6H6O3 + 0.1CHAR 
================================================================================================================================
 Change in moles in the reaction = 1
 Reaction order (forward, gas)   = 0.000
 Reaction order (forward, solid)  = 1.000
 -------------------------------------------------------------------------------------------------------------------------------
    Temperature   kF            Keq           kR            DG            DH            DS            kF            kR
    [K]           [kmol,m3,s]   [-]           [kmol,m3,s]   [kcal/mol]    [kcal/mol]    [cal/mol/K]   [mol,cm3,s]   [mol,cm3,s]
 -------------------------------------------------------------------------------------------------------------------------------
    300           1.918e-06     0             0             72.188        26.053        -153.783      1.9179e-06    0             
    600           1.919e-01     0             0             120.319       21.627        -164.486      1.9189e-01    0             
    900           1.061e+01     0             0             170.215       19.230        -167.761      1.0606e+01    0             
    1200          8.584e+01     0             0             220.889       16.777        -170.094      8.5841e+01    0             
    1500          3.166e+02     0             0             272.284       13.350        -172.622      3.1661e+02    0             
 -------------------------------------------------------------------------------------------------------------------------------

================================================================================================================================
 KINETIC DATA - REACTION  9 Simple
  HCE1  => 0.3CH4 + 0.1H2 + 0.4H2O + 0.49CO + 0.39CO2 + 0.4CH2O + 0.1C2H4 + 0.05HCOOH + 0.975CHAR + 0.37COH2S + 0.51CO2S + 0.01COS + 0.325CH4S + 0.075C2H4S + 0.43CH2OS + 0.05H2S + 0.2C2H6S 
================================================================================================================================
 Change in moles in the reaction = 4
 Reaction order (forward, gas)   = 0.000
 Reaction order (forward, solid)  = 1.000
 -------------------------------------------------------------------------------------------------------------------------------
    Temperature   kF            Keq           kR            DG            DH            DS            kF            kR
    [K]           [kmol,m3,s]   [-]           [kmol,m3,s]   [kcal/mol]    [kcal/mol]    [cal/mol/K]   [mol,cm3,s]   [mol,cm3,s]
 -------------------------------------------------------------------------------------------------------------------------------
    300           2.145e-03     0             0             6.800         -6.290        -43.633       2.1450e-03    0             
    600           8.787e-02     0             0             20.969        -8.927        -49.827       8.7875e-02    0             
    900           3.607e-01     0             0             36.366        -10.904       -52.521       3.6066e-01    0             
    1200          7.954e-01     0             0             52.593        -12.334       -54.106       7.9542e-01    0             
    1500          1.345e+00     0             0             69.010        -13.949       -55.306       1.3448e+00    0             
 -------------------------------------------------------------------------------------------------------------------------------

================================================================================================================================
 KINETIC DATA - REACTION  10 Simple
  HCE2  => 0CH4 + 0.0661C2H5OH + 0.315CH3CO2H + 0H2 + 0.1665H2O + 0.0035CO + 0.2898CO2 + 0.0178HCOOH + 0.0423CH2OHCHO + 0.145FURFURAL + 0.7662CHAR + 0.7792COH2S + 0.45CO2S + 0.2312CH3OHS + 0.1362CH4S + 0.0158C2H4S + 0.2337CH2OS + 0.1H2S + 0.2445C2H6S 
================================================================================================================================
 Change in moles in the reaction = 3
 Reaction order (forward, gas)   = 0.000
 Reaction order (forward, solid)  = 1.000
 -------------------------------------------------------------------------------------------------------------------------------
    Temperature   kF            Keq           kR            DG            DH            DS            kF            kR
    [K]           [kmol,m3,s]   [-]           [kmol,m3,s]   [kcal/mol]    [kcal/mol]    [cal/mol/K]   [mol,cm3,s]   [mol,cm3,s]
 -------------------------------------------------------------------------------------------------------------------------------
    300           4.207e-13     0             0             17.192        -4.075        -70.888       4.2075e-13    0             
    600           5.427e-02     0             0             39.607        -6.735        -77.237       5.4270e-02    0             
    900           2.742e+02     0             0             63.152        -8.344        -79.440       2.7420e+02    0             
    1200          1.949e+04     0             0             87.256        -9.546        -80.668       1.9491e+04    0             
    1500          2.517e+05     0             0             111.609       -10.904       -81.675       2.5170e+05    0             
 -------------------------------------------------------------------------------------------------------------------------------

================================================================================================================================
 KINETIC DATA - REACTION  11 Simple
  LIGH  => 0.1C2H6 + 0.5C2H5CHO + 0.1CO + 0.4C2H4 + 0.2CH2OHCHO + LIGOH 
================================================================================================================================
 Change in moles in the reaction = 1
 Reaction order (forward, gas)   = 0.000
 Reaction order (forward, solid)  = 1.000
 -------------------------------------------------------------------------------------------------------------------------------
    Temperature   kF            Keq           kR            DG            DH            DS            kF            kR
    [K]           [kmol,m3,s]   [-]           [kmol,m3,s]   [kcal/mol]    [kcal/mol]    [cal/mol/K]   [mol,cm3,s]   [mol,cm3,s]
 -------------------------------------------------------------------------------------------------------------------------------
    300           3.200e-15     0             0             44.199        31.494        -42.349       3.1995e-15    0             
    600           1.464e-01     0             0             57.430        30.568        -44.769       1.4641e-01    0             
    900           5.237e+03     0             0             70.767        31.174        -43.992       5.2369e+03    0             
    1200          9.904e+05     0             0             83.799        32.304        -42.912       9.9044e+05    0             
    1500          2.301e+07     0             0             96.546        33.345        -42.134       2.3008e+07    0             
 -------------------------------------------------------------------------------------------------------------------------------

================================================================================================================================
 KINETIC DATA - REACTION  12 Simple
  LIGO  => CO2 + LIGOH 
================================================================================================================================
 Change in moles in the reaction = 1
 Reaction order (forward, gas)   = 0.000
 Reaction order (forward, solid)  = 1.000
 -------------------------------------------------------------------------------------------------------------------------------
    Temperature   kF            Keq           kR            DG            DH            DS            kF            kR
    [K]           [kmol,m3,s]   [-]           [kmol,m3,s]   [kcal/mol]    [kcal/mol]    [cal/mol/K]   [mol,cm3,s]   [mol,cm3,s]
 -------------------------------------------------------------------------------------------------------------------------------
    300           8.714e-11     0             0             43.079        30.480        -41.998       8.7144e-11    0             
    600           1.696e-01     0             0             56.853        27.395        -49.096       1.6958e-01    0             
    900           2.117e+02     0             0             72.314        23.911        -53.781       2.1172e+02    0             
    1200          7.481e+03     0             0             89.049        19.789        -57.717       7.4808e+03    0             
    1500          6.351e+04     0             0             106.914       14.900        -61.342       6.3512e+04    0             
 -------------------------------------------------------------------------------------------------------------------------------

================================================================================================================================
 KINETIC DATA - REACTION  13 Simple
  LIGC  => 0.1VANILLIN + 0.1C6H5OCH3 + H2O + 0.21CO + 0.1CO2 + 0.22CH2O + 0.27C2H4 + 0.35LIGCC + 5.85CHAR + 0.4COH2S + 0.36CH4S + 0.17CH2OS + 0.1H2S + 0.2C2H6S 
================================================================================================================================
 Change in moles in the reaction = 8
 Reaction order (forward, gas)   = 0.000
 Reaction order (forward, solid)  = 1.000
 -------------------------------------------------------------------------------------------------------------------------------
    Temperature   kF            Keq           kR            DG            DH            DS            kF            kR
    [K]           [kmol,m3,s]   [-]           [kmol,m3,s]   [kcal/mol]    [kcal/mol]    [cal/mol/K]   [mol,cm3,s]   [mol,cm3,s]
 -------------------------------------------------------------------------------------------------------------------------------
    300           7.899e-17     0             0             47.658        -5.433        -176.971      7.8991e-17    0             
    600           2.811e-03     0             0             102.672       -9.420        -186.820      2.8105e-03    0             
    900           9.244e+01     0             0             158.800       -9.054        -186.504      9.2440e+01    0             
    1200          1.676e+04     0             0             214.242       -5.057        -182.749      1.6765e+04    0             
    1500          3.798e+05     0             0             268.298       2.131         -177.445      3.7977e+05    0             
 -------------------------------------------------------------------------------------------------------------------------------

================================================================================================================================
 KINETIC DATA - REACTION  14 Simple
  LIGCC  => 0.45CH4 + 0.4C2H6 + 0.15CRESOL + 0.25VANILLIN + 0.15C6H5OCH3 + 0.7H2 + 0.7H2O + 1.15CO + 0.3C2H4 + 0.35CH2OHCHO + 6.8CHAR + 0.4COS 
================================================================================================================================
 Change in moles in the reaction = 11
 Reaction order (forward, gas)   = 0.000
 Reaction order (forward, solid)  = 1.000
 -------------------------------------------------------------------------------------------------------------------------------
    Temperature   kF            Keq           kR            DG            DH            DS            kF            kR
    [K]           [kmol,m3,s]   [-]           [kmol,m3,s]   [kcal/mol]    [kcal/mol]    [cal/mol/K]   [mol,cm3,s]   [mol,cm3,s]
 -------------------------------------------------------------------------------------------------------------------------------
    300           8.545e-15     0             0             40.319        -39.001       -264.399      8.5451e-15    0             
    600           9.244e-06     0             0             122.406       -44.470       -278.126      9.2440e-06    0             
    900           9.489e-03     0             0             205.767       -43.047       -276.460      9.4894e-03    0             
    1200          3.040e-01     0             0             287.889       -36.909       -270.665      3.0404e-01    0             
    1500          2.434e+00     0             0             368.046       -27.370       -263.611      2.4341e+00    0             
 -------------------------------------------------------------------------------------------------------------------------------

================================================================================================================================
 KINETIC DATA - REACTION  15 Simple
  LIGOH  => 0.1CH4 + 0.6CH3OH + 0.025C24H28O4 + H2O + 0.65CO + 0.05CO2 + 0.05HCOOH + 0.1C2H3CHO + 0.9LIG + 4.25CHAR + 0.4COH2S + 0.6COS + 0.3CH3OHS + 0.25CH4S + 0.1C2H4S + 0.45CH2OS + 0.15C2H6S 
================================================================================================================================
 Change in moles in the reaction = 9
 Reaction order (forward, gas)   = 0.000
 Reaction order (forward, solid)  = 1.000
 -------------------------------------------------------------------------------------------------------------------------------
    Temperature   kF            Keq           kR            DG            DH            DS            kF            kR
    [K]           [kmol,m3,s]   [-]           [kmol,m3,s]   [kcal/mol]    [kcal/mol]    [cal/mol/K]   [mol,cm3,s]   [mol,cm3,s]
 -------------------------------------------------------------------------------------------------------------------------------
    300           7.281e-16     0             0             16.044        -22.965       -130.031      7.2808e-16    0             
    600           3.305e-04     0             0             56.952        -27.239       -140.319      3.3047e-04    0             
    900           2.540e+00     0             0             99.446        -28.578       -142.249      2.5397e+00    0             
    1200          2.226e+02     0             0             142.234       -27.259       -141.244      2.2264e+02    0             
    1500          3.261e+03     0             0             184.283       -24.108       -138.927      3.2607e+03    0             
 -------------------------------------------------------------------------------------------------------------------------------

================================================================================================================================
 KINETIC DATA - REACTION  16 Simple
  LIG  => VANILLIN + 0.1C6H5OCH3 + 0.6CO + 0.5C2H4 + 0.3CH3CHO + 0.1CHAR 
================================================================================================================================
 Change in moles in the reaction = 2
 Reaction order (forward, gas)   = 0.000
 Reaction order (forward, solid)  = 1.000
 -------------------------------------------------------------------------------------------------------------------------------
    Temperature   kF            Keq           kR            DG            DH            DS            kF            kR
    [K]           [kmol,m3,s]   [-]           [kmol,m3,s]   [kcal/mol]    [kcal/mol]    [cal/mol/K]   [mol,cm3,s]   [mol,cm3,s]
 -------------------------------------------------------------------------------------------------------------------------------
    300           2.170e-06     0             0             123.527       50.967        -241.866      2.1700e-06    0             
    600           1.021e-01     0             0             199.086       44.508        -257.630      1.0206e-01    0             
    900           4.386e+00     0             0             277.026       41.808        -261.353      4.3859e+00    0             
    1200          3.130e+01     0             0             355.779       39.342        -263.697      3.1301e+01    0             
    1500          1.071e+02     0             0             435.315       35.260        -266.703      1.0706e+02    0             
 -------------------------------------------------------------------------------------------------------------------------------

================================================================================================================================
 KINETIC DATA - REACTION  17 Simple
  LIG  => 0.2CH4 + 0.6H2O + 0.3CO + 0.1CO2 + 0.4CH2O + 6.1CHAR + 0.65COH2S + 0.2COS + 0.4CH3OHS + 0.4CH4S + 0.5C2H4S + 1.25CH2OS + 0.1H2S 
================================================================================================================================
 Change in moles in the reaction = 10
 Reaction order (forward, gas)   = 0.000
 Reaction order (forward, solid)  = 1.000
 -------------------------------------------------------------------------------------------------------------------------------
    Temperature   kF            Keq           kR            DG            DH            DS            kF            kR
    [K]           [kmol,m3,s]   [-]           [kmol,m3,s]   [kcal/mol]    [kcal/mol]    [cal/mol/K]   [mol,cm3,s]   [mol,cm3,s]
 -------------------------------------------------------------------------------------------------------------------------------
    300           3.696e-05     0             0             6.645         -38.292       -149.790      3.6959e-05    0             
    600           6.067e-02     0             0             53.281        -41.894       -158.625      6.0672e-02    0             
    900           8.521e-01     0             0             100.964       -41.605       -158.410      8.5211e-01    0             
    1200          3.476e+00     0             0             147.980       -37.582       -154.635      3.4765e+00    0             
    1500          8.501e+00     0             0             193.566       -30.005       -149.047      8.5011e+00    0             
 -------------------------------------------------------------------------------------------------------------------------------

================================================================================================================================
 KINETIC DATA - REACTION  18 Simple
  LIG  => 0.6CH4 + 0.4CH3OH + 0.5C2H6 + 0.6H2O + 2.6CO + 0.4CH2O + 0.75C2H4 + 4.5CHAR 
================================================================================================================================
 Change in moles in the reaction = 9
 Reaction order (forward, gas)   = 0.000
 Reaction order (forward, solid)  = 1.000
 -------------------------------------------------------------------------------------------------------------------------------
    Temperature   kF            Keq           kR            DG            DH            DS            kF            kR
    [K]           [kmol,m3,s]   [-]           [kmol,m3,s]   [kcal/mol]    [kcal/mol]    [cal/mol/K]   [mol,cm3,s]   [mol,cm3,s]
 -------------------------------------------------------------------------------------------------------------------------------
    300           1.684e-14     0             0             60.067        16.607        -144.868      1.6844e-14    0             
    600           5.027e-03     0             0             106.226       10.562        -159.440      5.0266e-03    0             
    900           3.359e+01     0             0             154.606       8.694         -162.124      3.3590e+01    0             
    1200          2.746e+03     0             0             203.149       9.746         -161.169      2.7459e+03    0             
    1500          3.856e+04     0             0             251.192       12.683        -159.006      3.8562e+04    0             
 -------------------------------------------------------------------------------------------------------------------------------

================================================================================================================================
 KINETIC DATA - REACTION  19 Simple
  TGL  => 0.5U2ME12 + C2H3CHO + 2.5MLINO 
================================================================================================================================
 Change in moles in the reaction = 3
 Reaction order (forward, gas)   = 0.000
 Reaction order (forward, solid)  = 1.000
 -------------------------------------------------------------------------------------------------------------------------------
    Temperature   kF            Keq           kR            DG            DH            DS            kF            kR
    [K]           [kmol,m3,s]   [-]           [kmol,m3,s]   [kcal/mol]    [kcal/mol]    [cal/mol/K]   [mol,cm3,s]   [mol,cm3,s]
 -------------------------------------------------------------------------------------------------------------------------------
    300           3.547e-21     0             0             371.586       13.250        -1194.453     3.5474e-21    0             
    600           1.576e-04     0             0             732.529       15.366        -1195.272     1.5758e-04    0             
    900           5.581e+01     0             0             1084.898      47.789        -1152.344     5.5809e+01    0             
    1200          3.321e+04     0             0             1424.097      91.838        -1110.216     3.3213e+04    0             
    1500          1.535e+06     0             0             1751.965      136.076       -1077.259     1.5348e+06    0             
 -------------------------------------------------------------------------------------------------------------------------------

================================================================================================================================
 KINETIC DATA - REACTION  20 Simple
  TANN  => 0.85C6H5OH + H2O + ITANN + COS + 0.15C6H5OHS 
================================================================================================================================
 Change in moles in the reaction = 3
 Reaction order (forward, gas)   = 0.000
 Reaction order (forward, solid)  = 1.000
 -------------------------------------------------------------------------------------------------------------------------------
    Temperature   kF            Keq           kR            DG            DH            DS            kF            kR
    [K]           [kmol,m3,s]   [-]           [kmol,m3,s]   [kcal/mol]    [kcal/mol]    [cal/mol/K]   [mol,cm3,s]   [mol,cm3,s]
 -------------------------------------------------------------------------------------------------------------------------------
    300           1.036e-06     0             0             -157.507      -97.956       198.503       1.0362e-06    0             
    600           4.552e-03     0             0             -223.284      -80.605       237.799       4.5523e-03    0             
    900           7.456e-02     0             0             -299.246      -58.575       267.412       7.4559e-02    0             
    1200          3.017e-01     0             0             -383.176      -33.507       291.390       3.0174e-01    0             
    1500          6.981e-01     0             0             -473.716      -6.142        311.716       6.9809e-01    0             
 -------------------------------------------------------------------------------------------------------------------------------

================================================================================================================================
 KINETIC DATA - REACTION  21 Simple
  ITANN  => H2O + 2CO + 5CHAR + 0.45COH2S + 0.55CH2OS 
================================================================================================================================
 Change in moles in the reaction = 8
 Reaction order (forward, gas)   = 0.000
 Reaction order (forward, solid)  = 1.000
 -------------------------------------------------------------------------------------------------------------------------------
    Temperature   kF            Keq           kR            DG            DH            DS            kF            kR
    [K]           [kmol,m3,s]   [-]           [kmol,m3,s]   [kcal/mol]    [kcal/mol]    [cal/mol/K]   [mol,cm3,s]   [mol,cm3,s]
 -------------------------------------------------------------------------------------------------------------------------------
    300           6.109e-16     0             0             237.373       107.932       -431.469      6.1095e-16    0             
    600           7.816e-07     0             0             376.462       82.740        -489.536      7.8163e-07    0             
    900           8.485e-04     0             0             528.938       56.627        -524.790      8.4853e-04    0             
    1200          2.796e-02     0             0             690.419       29.625        -550.662      2.7958e-02    0             
    1500          2.276e-01     0             0             858.836       1.628         -571.472      2.2762e-01    0             
 -------------------------------------------------------------------------------------------------------------------------------

================================================================================================================================
 KINETIC DATA - REACTION  22 Simple
  CO2S  => CO2 
================================================================================================================================
 Change in moles in the reaction = 0
 Reaction order (forward, gas)   = 0.000
 Reaction order (forward, solid)  = 1.000
 -------------------------------------------------------------------------------------------------------------------------------
    Temperature   kF            Keq           kR            DG            DH            DS            kF            kR
    [K]           [kmol,m3,s]   [-]           [kmol,m3,s]   [kcal/mol]    [kcal/mol]    [cal/mol/K]   [mol,cm3,s]   [mol,cm3,s]
 -------------------------------------------------------------------------------------------------------------------------------
    300           1.413e-12     0             0             -7.158        -19.758       -41.998       1.4135e-12    0             
    600           1.189e-03     0             0             6.615         -22.842       -49.096       1.1889e-03    0             
    900           1.122e+00     0             0             22.076        -26.327       -53.781       1.1223e+00    0             
    1200          3.448e+01     0             0             38.812        -30.449       -57.717       3.4480e+01    0             
    1500          2.692e+02     0             0             56.676        -35.338       -61.342       2.6919e+02    0             
 -------------------------------------------------------------------------------------------------------------------------------

================================================================================================================================
 KINETIC DATA - REACTION  23 Simple
  COS  => CO 
================================================================================================================================
 Change in moles in the reaction = 0
 Reaction order (forward, gas)   = 0.000
 Reaction order (forward, solid)  = 1.000
 -------------------------------------------------------------------------------------------------------------------------------
    Temperature   kF            Keq           kR            DG            DH            DS            kF            kR
    [K]           [kmol,m3,s]   [-]           [kmol,m3,s]   [kcal/mol]    [kcal/mol]    [cal/mol/K]   [mol,cm3,s]   [mol,cm3,s]
 -------------------------------------------------------------------------------------------------------------------------------
    300           2.816e-26     0             0             -6.043        -9.643        -12.002       2.8157e-26    0             
    600           3.752e-07     0             0             -1.791        -11.434       -16.073       3.7521e-07    0             
    900           8.896e-01     0             0             3.502         -13.694       -19.106       8.8956e-01    0             
    1200          1.370e+03     0             0             9.631         -16.422       -21.710       1.3697e+03    0             
    1500          1.120e+05     0             0             16.508        -19.663       -24.114       1.1197e+05    0             
 -------------------------------------------------------------------------------------------------------------------------------

================================================================================================================================
 KINETIC DATA - REACTION  24 Simple
  CH3OHS  => CH3OH 
================================================================================================================================
 Change in moles in the reaction = 0
 Reaction order (forward, gas)   = 0.000
 Reaction order (forward, solid)  = 1.000
 -------------------------------------------------------------------------------------------------------------------------------
    Temperature   kF            Keq           kR            DG            DH            DS            kF            kR
    [K]           [kmol,m3,s]   [-]           [kmol,m3,s]   [kcal/mol]    [kcal/mol]    [cal/mol/K]   [mol,cm3,s]   [mol,cm3,s]
 -------------------------------------------------------------------------------------------------------------------------------
    300           7.465e-25     0             0             3.404         0.332         -10.240       7.4652e-25    0             
    600           1.222e-06     0             0             6.774         -0.223        -11.662       1.2219e-06    0             
    900           1.440e+00     0             0             10.229        0.085         -11.272       1.4400e+00    0             
    1200          1.563e+03     0             0             13.515        0.752         -10.636       1.5633e+03    0             
    1500          1.036e+05     0             0             16.624        1.440         -10.123       1.0362e+05    0             
 -------------------------------------------------------------------------------------------------------------------------------

================================================================================================================================
 KINETIC DATA - REACTION  25 Simple
  CH2OS  => 0.2H2 + 0.8H2O + 0.2CO + 0.8CHAR 
================================================================================================================================
 Change in moles in the reaction = 1
 Reaction order (forward, gas)   = 0.000
 Reaction order (forward, solid)  = 1.000
 -------------------------------------------------------------------------------------------------------------------------------
    Temperature   kF            Keq           kR            DG            DH            DS            kF            kR
    [K]           [kmol,m3,s]   [-]           [kmol,m3,s]   [kcal/mol]    [kcal/mol]    [cal/mol/K]   [mol,cm3,s]   [mol,cm3,s]
 -------------------------------------------------------------------------------------------------------------------------------
    300           2.240e-26     0             0             -3.267        -6.335        -10.227       2.2396e-26    0             
    600           3.666e-08     0             0             -0.050        -6.668        -11.031       3.6657e-08    0             
    900           4.320e-02     0             0             3.281         -6.711        -11.102       4.3200e-02    0             
    1200          4.690e+01     0             0             6.578         -6.426        -10.837       4.6898e+01    0             
    1500          3.109e+03     0             0             9.766         -5.830        -10.398       3.1085e+03    0             
 -------------------------------------------------------------------------------------------------------------------------------

================================================================================================================================
 KINETIC DATA - REACTION  26 Simple
  C2H6S  => C2H6 
================================================================================================================================
 Change in moles in the reaction = 0
 Reaction order (forward, gas)   = 0.000
 Reaction order (forward, solid)  = 1.000
 -------------------------------------------------------------------------------------------------------------------------------
    Temperature   kF            Keq           kR            DG            DH            DS            kF            kR
    [K]           [kmol,m3,s]   [-]           [kmol,m3,s]   [kcal/mol]    [kcal/mol]    [cal/mol/K]   [mol,cm3,s]   [mol,cm3,s]
 -------------------------------------------------------------------------------------------------------------------------------
    300           1.303e-27     0             0             0.996         -1.640        -8.785        1.3028e-27    0             
    600           1.141e-08     0             0             3.440         -0.729        -6.949        1.1414e-08    0             
    900           2.353e-02     0             0             5.021         1.831         -3.544        2.3530e-02    0             
    1200          3.378e+01     0             0             5.578         5.296         -0.235        3.3785e+01    0             
    1500          2.648e+03     0             0             5.208         9.150         2.628         2.6484e+03    0             
 -------------------------------------------------------------------------------------------------------------------------------

================================================================================================================================
 KINETIC DATA - REACTION  27 Simple
  CH4S  => CH4 
================================================================================================================================
 Change in moles in the reaction = 0
 Reaction order (forward, gas)   = 0.000
 Reaction order (forward, solid)  = 1.000
 -------------------------------------------------------------------------------------------------------------------------------
    Temperature   kF            Keq           kR            DG            DH            DS            kF            kR
    [K]           [kmol,m3,s]   [-]           [kmol,m3,s]   [kcal/mol]    [kcal/mol]    [cal/mol/K]   [mol,cm3,s]   [mol,cm3,s]
 -------------------------------------------------------------------------------------------------------------------------------
    300           2.434e-28     0             0             -4.810        -1.618        10.637        2.4341e-28    0             
    600           4.934e-09     0             0             -8.274        -0.729        12.575        4.9336e-09    0             
    900           1.345e-02     0             0             -12.403       1.073         14.973        1.3452e-02    0             
    1200          2.221e+01     0             0             -17.253       3.552         17.338        2.2212e+01    0             
    1500          1.894e+03     0             0             -22.783       6.443         19.483        1.8935e+03    0             
 -------------------------------------------------------------------------------------------------------------------------------

================================================================================================================================
 KINETIC DATA - REACTION  28 Simple
  C2H4S  => C2H4 
================================================================================================================================
 Change in moles in the reaction = 0
 Reaction order (forward, gas)   = 0.000
 Reaction order (forward, solid)  = 1.000
 -------------------------------------------------------------------------------------------------------------------------------
    Temperature   kF            Keq           kR            DG            DH            DS            kF            kR
    [K]           [kmol,m3,s]   [-]           [kmol,m3,s]   [kcal/mol]    [kcal/mol]    [cal/mol/K]   [mol,cm3,s]   [mol,cm3,s]
 -------------------------------------------------------------------------------------------------------------------------------
    300           4.547e-29     0             0             1.292         -0.777        -6.898        4.5475e-29    0             
    600           2.132e-09     0             0             3.403         -0.588        -6.652        2.1325e-09    0             
    900           7.690e-03     0             0             5.153         0.674         -4.977        7.6900e-03    0             
    1200          1.460e+01     0             0             6.393         2.402         -3.327        1.4603e+01    0             
    1500          1.354e+03     0             0             7.179         4.241         -1.958        1.3538e+03    0             
 -------------------------------------------------------------------------------------------------------------------------------

================================================================================================================================
 KINETIC DATA - REACTION  29 Simple
  C6H5OHS  => C6H5OH 
================================================================================================================================
 Change in moles in the reaction = 0
 Reaction order (forward, gas)   = 0.000
 Reaction order (forward, solid)  = 1.000
 -------------------------------------------------------------------------------------------------------------------------------
    Temperature   kF            Keq           kR            DG            DH            DS            kF            kR
    [K]           [kmol,m3,s]   [-]           [kmol,m3,s]   [kcal/mol]    [kcal/mol]    [cal/mol/K]   [mol,cm3,s]   [mol,cm3,s]
 -------------------------------------------------------------------------------------------------------------------------------
    300           1.274e-28     0             0             39.971        2.862         -123.697      1.2744e-28    0             
    600           1.383e-08     0             0             78.385        0.253         -130.219      1.3826e-08    0             
    900           6.594e-02     0             0             117.585       -0.222        -130.897      6.5942e-02    0             
    1200          1.440e+02     0             0             156.892       -0.536        -131.190      1.4401e+02    0             
    1500          1.452e+04     0             0             196.346       -1.537        -131.922      1.4519e+04    0             
 -------------------------------------------------------------------------------------------------------------------------------

================================================================================================================================
 KINETIC DATA - REACTION  30 Simple
  COH2S  => 0.8H2 + 0.2H2O + 0.4CO + 0.2CHAR + 0.4COSTIFFS 
================================================================================================================================
 Change in moles in the reaction = 1
 Reaction order (forward, gas)   = 0.000
 Reaction order (forward, solid)  = 1.000
 -------------------------------------------------------------------------------------------------------------------------------
    Temperature   kF            Keq           kR            DG            DH            DS            kF            kR
    [K]           [kmol,m3,s]   [-]           [kmol,m3,s]   [kcal/mol]    [kcal/mol]    [cal/mol/K]   [mol,cm3,s]   [mol,cm3,s]
 -------------------------------------------------------------------------------------------------------------------------------
    300           1.035e-34     0             0             49.394        53.443        13.497        1.0351e-34    0             
    600           3.217e-13     0             0             45.083        54.093        15.016        3.2173e-13    0             
    900           4.695e-06     0             0             40.458        54.635        15.752        4.6952e-06    0             
    1200          1.794e-02     0             0             35.659        55.111        16.210        1.7937e-02    0             
    1500          2.529e+00     0             0             30.746        55.523        16.518        2.5293e+00    0             
 -------------------------------------------------------------------------------------------------------------------------------

================================================================================================================================
 KINETIC DATA - REACTION  31 Simple
  COSTIFFS  => 0.8CO + 0.2CHARO 
================================================================================================================================
 Change in moles in the reaction = 0
 Reaction order (forward, gas)   = 0.000
 Reaction order (forward, solid)  = 1.000
 -------------------------------------------------------------------------------------------------------------------------------
    Temperature   kF            Keq           kR            DG            DH            DS            kF            kR
    [K]           [kmol,m3,s]   [-]           [kmol,m3,s]   [kcal/mol]    [kcal/mol]    [cal/mol/K]   [mol,cm3,s]   [mol,cm3,s]
 -------------------------------------------------------------------------------------------------------------------------------
    300           7.923e-40     0             0             0.140         -6.040        -20.601       7.9229e-40    0             
    600           3.776e-16     0             0             6.937         -7.659        -24.326       3.7764e-16    0             
    900           2.950e-08     0             0             14.600        -9.356        -26.617       2.9499e-08    0             
    1200          2.607e-04     0             0             22.850        -11.131       -28.317       2.6072e-04    0             
    1500          6.081e-02     0             0             31.561        -13.020       -29.721       6.0813e-02    0             
 -------------------------------------------------------------------------------------------------------------------------------

================================================================================================================================
 KINETIC DATA - REACTION  32 Simple
  H2S  => H2 
================================================================================================================================
 Change in moles in the reaction = 0
 Reaction order (forward, gas)   = 0.000
 Reaction order (forward, solid)  = 1.000
 -------------------------------------------------------------------------------------------------------------------------------
    Temperature   kF            Keq           kR            DG            DH            DS            kF            kR
    [K]           [kmol,m3,s]   [-]           [kmol,m3,s]   [kcal/mol]    [kcal/mol]    [cal/mol/K]   [mol,cm3,s]   [mol,cm3,s]
 -------------------------------------------------------------------------------------------------------------------------------
    300           1.803e-43     0             0             -9.884        -1.782        27.006        1.8034e-43    0             
    600           5.697e-18     0             0             -18.688       0.032         31.199        5.6974e-18    0             
    900           1.801e-09     0             0             -28.435       1.823         33.620        1.8011e-09    0             
    1200          3.202e-05     0             0             -38.793       3.636         35.358        3.2024e-05    0             
    1500          1.136e-02     0             0             -49.615       5.499         36.742        1.1361e-02    0             
 -------------------------------------------------------------------------------------------------------------------------------

================================================================================================================================
 KINETIC DATA - REACTION  33 Simple
  LVGS  => C6H10O5 
================================================================================================================================
 Change in moles in the reaction = 0
 Reaction order (forward, gas)   = 0.000
 Reaction order (forward, solid)  = 1.000
 -------------------------------------------------------------------------------------------------------------------------------
    Temperature   kF            Keq           kR            DG            DH            DS            kF            kR
    [K]           [kmol,m3,s]   [-]           [kmol,m3,s]   [kcal/mol]    [kcal/mol]    [cal/mol/K]   [mol,cm3,s]   [mol,cm3,s]
 -------------------------------------------------------------------------------------------------------------------------------
    300           1.477e-06     0             0             98.367        29.595        -229.240      1.4765e-06    0             
    600           1.297e-02     0             0             169.621       24.344        -242.128      1.2974e-02    0             
    900           3.187e-01     0             0             242.755       22.292        -244.959      3.1874e-01    0             
    1200          1.720e+00     0             0             316.515       20.260        -246.879      1.7199e+00    0             
    1500          4.974e+00     0             0             390.910       17.055        -249.236      4.9739e+00    0             
 -------------------------------------------------------------------------------------------------------------------------------

================================================================================================================================
 KINETIC DATA - REACTION  34 Simple
  LVGS  => C6H10O5 
================================================================================================================================
 Change in moles in the reaction = 0
 Reaction order (forward, gas)   = 0.000
 Reaction order (forward, solid)  = 1.000
 -------------------------------------------------------------------------------------------------------------------------------
    Temperature   kF            Keq           kR            DG            DH            DS            kF            kR
    [K]           [kmol,m3,s]   [-]           [kmol,m3,s]   [kcal/mol]    [kcal/mol]    [cal/mol/K]   [mol,cm3,s]   [mol,cm3,s]
 -------------------------------------------------------------------------------------------------------------------------------
    300           9.839e-22     0             0             98.367        29.595        -229.240      9.8392e-22    0             
    600           2.430e-05     0             0             169.621       24.344        -242.128      2.4297e-05    0             
    900           7.075e+00     0             0             242.755       22.292        -244.959      7.0755e+00    0             
    1200          3.818e+03     0             0             316.515       20.260        -246.879      3.8182e+03    0             
    1500          1.664e+05     0             0             390.910       17.055        -249.236      1.6638e+05    0             
 -------------------------------------------------------------------------------------------------------------------------------

================================================================================================================================
 KINETIC DATA - REACTION  35 Simple
  MOIST  => H2O 
================================================================================================================================
 Change in moles in the reaction = 0
 Reaction order (forward, gas)   = 0.000
 Reaction order (forward, solid)  = 1.000
 -------------------------------------------------------------------------------------------------------------------------------
    Temperature   kF            Keq           kR            DG            DH            DS            kF            kR
    [K]           [kmol,m3,s]   [-]           [kmol,m3,s]   [kcal/mol]    [kcal/mol]    [cal/mol/K]   [mol,cm3,s]   [mol,cm3,s]
 -------------------------------------------------------------------------------------------------------------------------------
    300           4.453e-04     0             0             1.990         10.496        28.352        4.4529e-04    0             
    600           7.310e-01     0             0             -5.307        6.954         20.435        7.3099e-01    0             
    900           1.027e+01     0             0             -6.796        -32.863       -28.963       1.0266e+01    0             
    1200          4.189e+01     0             0             1.317         9.140         6.520         4.1885e+01    0             
    1500          1.024e+02     0             0             -0.594        8.722         6.210         1.0242e+02    0             
 -------------------------------------------------------------------------------------------------------------------------------

================================================================================================================================
 KINETIC DATA - REACTION  36 Simple
  H2O  => MOIST 
================================================================================================================================
 Change in moles in the reaction = 0
 Reaction order (forward, gas)   = 1.000
 Reaction order (forward, solid)  = 0.000
 -------------------------------------------------------------------------------------------------------------------------------
    Temperature   kF            Keq           kR            DG            DH            DS            kF            kR
    [K]           [kmol,m3,s]   [-]           [kmol,m3,s]   [kcal/mol]    [kcal/mol]    [cal/mol/K]   [mol,cm3,s]   [mol,cm3,s]
 -------------------------------------------------------------------------------------------------------------------------------
    300           2.147e+00     0             0             -1.990        -10.496       -28.352       2.1472e+02    0             
    600           4.262e+00     0             0             5.307         -6.954        -20.435       4.2618e+02    0             
    900           7.591e+00     0             0             6.796         32.863        28.963        7.5914e+02    0             
    1200          1.201e+01     0             0             -1.317        -9.140        -6.520        1.2008e+03    0             
    1500          1.749e+01     0             0             0.594         -8.722        -6.210        1.7493e+03    0             
 -------------------------------------------------------------------------------------------------------------------------------

================================================================================================================================
 KINETIC DATA - REACTION  37 Simple
  BMOIST  => H2O 
================================================================================================================================
 Change in moles in the reaction = 0
 Reaction order (forward, gas)   = 0.000
 Reaction order (forward, solid)  = 1.000
 -------------------------------------------------------------------------------------------------------------------------------
    Temperature   kF            Keq           kR            DG            DH            DS            kF            kR
    [K]           [kmol,m3,s]   [-]           [kmol,m3,s]   [kcal/mol]    [kcal/mol]    [cal/mol/K]   [mol,cm3,s]   [mol,cm3,s]
 -------------------------------------------------------------------------------------------------------------------------------
    300           1.377e-08     0             0             5.964         14.470        28.352        1.3770e-08    0             
    600           2.658e-01     0             0             -1.333        10.928        20.435        2.6578e-01    0             
    900           7.129e+01     0             0             -2.822        -28.889       -28.963       7.1294e+01    0             
    1200          1.168e+03     0             0             1.317         9.140         6.520         1.1677e+03    0             
    1500          6.250e+03     0             0             -0.594        8.722         6.210         6.2500e+03    0             
 -------------------------------------------------------------------------------------------------------------------------------

================================================================================================================================
 KINETIC DATA - REACTION  38 Simple
  H2O + CHAR  => H2 + CO 
================================================================================================================================
 Change in moles in the reaction = 0
 Reaction order (forward, gas)   = 1.000
 Reaction order (forward, solid)  = 1.000
 -------------------------------------------------------------------------------------------------------------------------------
    Temperature   kF            Keq           kR            DG            DH            DS            kF            kR
    [K]           [kmol,m3,s]   [-]           [kmol,m3,s]   [kcal/mol]    [kcal/mol]    [cal/mol/K]   [mol,cm3,s]   [mol,cm3,s]
 -------------------------------------------------------------------------------------------------------------------------------
    300           3.868e-34     0             0             22.379        31.840        31.539        3.8676e-31    0             
    600           2.781e-12     0             0             12.667        32.285        32.697        2.7812e-09    0             
    900           5.368e-05     0             0             2.935         31.753        32.021        5.3683e-02    0             
    1200          2.358e-01     0             0             -6.472        30.254        30.605        2.3585e+02    0             
    1500          3.617e+01     0             0             -15.388       27.786        28.783        3.6167e+04    0             
 -------------------------------------------------------------------------------------------------------------------------------

================================================================================================================================
 KINETIC DATA - REACTION  39 Simple
  O2 + CHAR  => CO2 
================================================================================================================================
 Change in moles in the reaction = -1
 Reaction order (forward, gas)   = 1.000
 Reaction order (forward, solid)  = 1.000
 -------------------------------------------------------------------------------------------------------------------------------
    Temperature   kF            Keq           kR            DG            DH            DS            kF            kR
    [K]           [kmol,m3,s]   [-]           [kmol,m3,s]   [kcal/mol]    [kcal/mol]    [cal/mol/K]   [mol,cm3,s]   [mol,cm3,s]
 -------------------------------------------------------------------------------------------------------------------------------
    300           2.146e-12     0             0             -93.652       -93.581       0.238         2.1462e-09    0             
    600           7.835e-03     0             0             -93.594       -93.989       -0.658        7.8346e+00    0             
    900           1.206e+01     0             0             -93.218       -94.938       -1.911        1.2063e+04    0             
    1200          4.734e+02     0             0             -92.416       -96.594       -3.481        4.7336e+05    0             
    1500          4.280e+03     0             0             -91.106       -99.037       -5.287        4.2798e+06    0             
 -------------------------------------------------------------------------------------------------------------------------------

================================================================================================================================
 KINETIC DATA - REACTION  40 Simple
  0.5O2 + CHAR  => CO 
================================================================================================================================
 Change in moles in the reaction = -0
 Reaction order (forward, gas)   = 0.780
 Reaction order (forward, solid)  = 1.000
 -------------------------------------------------------------------------------------------------------------------------------
    Temperature   kF            Keq           kR            DG            DH            DS            kF            kR
    [K]           [kmol,m3,s]   [-]           [kmol,m3,s]   [kcal/mol]    [kcal/mol]    [cal/mol/K]   [mol,cm3,s]   [mol,cm3,s]
 -------------------------------------------------------------------------------------------------------------------------------
    300           1.046e-14     0             0             -32.230       -25.958       20.908        2.2876e-12    0             
    600           2.473e-03     0             0             -38.476       -26.212       20.440        5.4113e-01    0             
    900           1.530e+01     0             0             -44.401       -27.321       18.978        3.3466e+03    0             
    1200          1.203e+03     0             0             -49.826       -29.253       17.145        2.6318e+05    0             
    1500          1.651e+04     0             0             -54.667       -32.025       15.095        3.6111e+06    0             
 -------------------------------------------------------------------------------------------------------------------------------

================================================================================================================================
 KINETIC DATA - REACTION  41 Simple
  CO2 + CHAR  => 2CO 
================================================================================================================================
 Change in moles in the reaction = 0
 Reaction order (forward, gas)   = 1.000
 Reaction order (forward, solid)  = 1.000
 -------------------------------------------------------------------------------------------------------------------------------
    Temperature   kF            Keq           kR            DG            DH            DS            kF            kR
    [K]           [kmol,m3,s]   [-]           [kmol,m3,s]   [kcal/mol]    [kcal/mol]    [cal/mol/K]   [mol,cm3,s]   [mol,cm3,s]
 -------------------------------------------------------------------------------------------------------------------------------
    300           3.868e-34     0             0             29.192        41.665        41.578        3.8676e-31    0             
    600           2.781e-12     0             0             16.642        41.566        41.539        2.7812e-09    0             
    900           5.368e-05     0             0             4.415         40.295        39.867        5.3683e-02    0             
    1200          2.358e-01     0             0             -7.237        38.089        37.771        2.3585e+02    0             
    1500          3.617e+01     0             0             -18.228       34.987        35.477        3.6167e+04    0             
 -------------------------------------------------------------------------------------------------------------------------------

================================================================================================================================
 KINETIC DATA - REACTION  42 Simple
  CO2 + COH2S  => H2O + CO2 + CHAR 
================================================================================================================================
 Change in moles in the reaction = 1
 Reaction order (forward, gas)   = 1.000
 Reaction order (forward, solid)  = 1.000
 -------------------------------------------------------------------------------------------------------------------------------
    Temperature   kF            Keq           kR            DG            DH            DS            kF            kR
    [K]           [kmol,m3,s]   [-]           [kmol,m3,s]   [kcal/mol]    [kcal/mol]    [cal/mol/K]   [mol,cm3,s]   [mol,cm3,s]
 -------------------------------------------------------------------------------------------------------------------------------
    300           9.736e-30     0             0             28.565        23.605        -16.535       9.7362e-27    0             
    600           1.973e-10     0             0             33.724        23.182        -17.570       1.9734e-07    0             
    900           5.381e-04     0             0             39.002        23.246        -17.506       5.3807e-01    0             
    1200          8.885e-01     0             0             44.181        23.831        -16.958       8.8847e+02    0             
    1500          7.574e+01     0             0             49.152        24.920        -16.155       7.5740e+04    0             
 -------------------------------------------------------------------------------------------------------------------------------

================================================================================================================================
 KINETIC DATA - REACTION  43 Simple
  O2 + COH2S  => H2O + CO2 
================================================================================================================================
 Change in moles in the reaction = 0
 Reaction order (forward, gas)   = 1.000
 Reaction order (forward, solid)  = 1.000
 -------------------------------------------------------------------------------------------------------------------------------
    Temperature   kF            Keq           kR            DG            DH            DS            kF            kR
    [K]           [kmol,m3,s]   [-]           [kmol,m3,s]   [kcal/mol]    [kcal/mol]    [cal/mol/K]   [mol,cm3,s]   [mol,cm3,s]
 -------------------------------------------------------------------------------------------------------------------------------
    300           1.149e-11     0             0             -65.087       -69.976       -16.297       1.1488e-08    0             
    600           1.813e-02     0             0             -59.870       -70.807       -18.228       1.8126e+01    0             
    900           2.110e+01     0             0             -54.216       -71.692       -19.418       2.1102e+04    0             
    1200          7.200e+02     0             0             -48.235       -72.763       -20.439       7.2000e+05    0             
    1500          5.986e+03     0             0             -41.954       -74.117       -21.442       5.9860e+06    0             
 -------------------------------------------------------------------------------------------------------------------------------

================================================================================================================================
 KINETIC DATA - REACTION  44 Simple
  O2 + CH2OS  => H2O + CO2 
================================================================================================================================
 Change in moles in the reaction = 0
 Reaction order (forward, gas)   = 1.000
 Reaction order (forward, solid)  = 1.000
 -------------------------------------------------------------------------------------------------------------------------------
    Temperature   kF            Keq           kR            DG            DH            DS            kF            kR
    [K]           [kmol,m3,s]   [-]           [kmol,m3,s]   [kcal/mol]    [kcal/mol]    [cal/mol/K]   [mol,cm3,s]   [mol,cm3,s]
 -------------------------------------------------------------------------------------------------------------------------------
    300           1.149e-11     0             0             -101.395      -106.284      -16.297       1.1488e-08    0             
    600           1.813e-02     0             0             -96.178       -107.115      -18.228       1.8126e+01    0             
    900           2.110e+01     0             0             -90.524       -108.000      -19.418       2.1102e+04    0             
    1200          7.200e+02     0             0             -84.543       -109.071      -20.439       7.2000e+05    0             
    1500          5.986e+03     0             0             -78.262       -110.425      -21.442       5.9860e+06    0             
 -------------------------------------------------------------------------------------------------------------------------------

================================================================================================================================
 KINETIC DATA - REACTION  45 Simple
  O2 + CH4S  => 2H2O + CHAR 
================================================================================================================================
 Change in moles in the reaction = 1
 Reaction order (forward, gas)   = 1.000
 Reaction order (forward, solid)  = 1.000
 -------------------------------------------------------------------------------------------------------------------------------
    Temperature   kF            Keq           kR            DG            DH            DS            kF            kR
    [K]           [kmol,m3,s]   [-]           [kmol,m3,s]   [kcal/mol]    [kcal/mol]    [cal/mol/K]   [mol,cm3,s]   [mol,cm3,s]
 -------------------------------------------------------------------------------------------------------------------------------
    300           1.149e-11     0             0             -102.575      -99.825       9.167         1.1488e-08    0             
    600           1.813e-02     0             0             -105.973      -97.995       13.298        1.8126e+01    0             
    900           2.110e+01     0             0             -110.502      -95.331       16.857        2.1102e+04    0             
    1200          7.200e+02     0             0             -116.079      -91.695       20.320        7.2000e+05    0             
    1500          5.986e+03     0             0             -122.690      -87.071       23.746        5.9860e+06    0             
 -------------------------------------------------------------------------------------------------------------------------------

